<?xml version="1.0" encoding="UTF-8"?>
<testng-results skipped="1" failed="1" ignored="0" total="2" passed="0">
  <reporter-output>
  </reporter-output>
  <suite name="Default suite" duration-ms="432" started-at="2020-05-21T02:08:38Z" finished-at="2020-05-21T02:08:38Z">
    <groups>
    </groups>
    <test name="Default test" duration-ms="432" started-at="2020-05-21T02:08:38Z" finished-at="2020-05-21T02:08:38Z">
      <class name="Tests.OrderAnItem">
        <test-method status="PASS" signature="StartDriver()[pri:0, instance:Tests.OrderAnItem@6e75aa0d]" name="StartDriver" is-config="true" duration-ms="12478" started-at="2020-05-21T02:08:25Z" finished-at="2020-05-21T02:08:38Z">
          <reporter-output>
          </reporter-output>
        </test-method> <!-- StartDriver -->
        <test-method status="FAIL" signature="PlaceAnOrderTestCase()[pri:1, instance:Tests.OrderAnItem@6e75aa0d]" name="PlaceAnOrderTestCase" duration-ms="417" started-at="2020-05-21T02:08:38Z" description="Purchase a Blouse" finished-at="2020-05-21T02:08:38Z">
          <exception class="org.openqa.selenium.NoSuchElementException">
            <message>
              <![CDATA[An element could not be located on the page using the given search parameters.
For documentation on this error, please visit: https://www.seleniumhq.org/exceptions/no_such_element.html
Build info: version: '3.141.59', revision: 'e82be7d358', time: '2018-11-14T08:17:03'
System info: host: 'Adels-MacBook-Pro.local', ip: 'fe80:0:0:0:1476:b649:c586:85dc%en0', os.name: 'Mac OS X', os.arch: 'x86_64', os.version: '10.14.6', java.version: '1.8.0_241'
Driver info: io.appium.java_client.AppiumDriver
Capabilities {appActivity: io.swvl.customer.features.L..., appPackage: io.swvl.customer, databaseEnabled: false, desired: {appActivity: io.swvl.customer.features.L..., appPackage: io.swvl.customer, deviceName: HUAWEI Mate 10 lite, platformName: android, platformVersion: 8.0.0, udid: FFY5T18116015518}, deviceApiLevel: 26, deviceManufacturer: HUAWEI, deviceModel: RNE-L21, deviceName: FFY5T18116015518, deviceScreenDensity: 480, deviceScreenSize: 1080x2160, deviceUDID: FFY5T18116015518, javascriptEnabled: true, locationContextEnabled: false, networkConnectionEnabled: true, pixelRatio: 3, platform: LINUX, platformName: LINUX, platformVersion: 8.0.0, statBarHeight: 72, takesScreenshot: true, udid: FFY5T18116015518, viewportRect: {height: 1968, left: 0, top: 72, width: 1080}, warnings: {}, webStorageEnabled: false}
Session ID: 75684290-c960-4058-8d4e-dba4adc304c4
*** Element info: {Using=id, value=search_query_top}]]>
            </message>
            <full-stacktrace>
              <![CDATA[org.openqa.selenium.NoSuchElementException: An element could not be located on the page using the given search parameters.
For documentation on this error, please visit: https://www.seleniumhq.org/exceptions/no_such_element.html
Build info: version: '3.141.59', revision: 'e82be7d358', time: '2018-11-14T08:17:03'
System info: host: 'Adels-MacBook-Pro.local', ip: 'fe80:0:0:0:1476:b649:c586:85dc%en0', os.name: 'Mac OS X', os.arch: 'x86_64', os.version: '10.14.6', java.version: '1.8.0_241'
Driver info: io.appium.java_client.AppiumDriver
Capabilities {appActivity: io.swvl.customer.features.L..., appPackage: io.swvl.customer, databaseEnabled: false, desired: {appActivity: io.swvl.customer.features.L..., appPackage: io.swvl.customer, deviceName: HUAWEI Mate 10 lite, platformName: android, platformVersion: 8.0.0, udid: FFY5T18116015518}, deviceApiLevel: 26, deviceManufacturer: HUAWEI, deviceModel: RNE-L21, deviceName: FFY5T18116015518, deviceScreenDensity: 480, deviceScreenSize: 1080x2160, deviceUDID: FFY5T18116015518, javascriptEnabled: true, locationContextEnabled: false, networkConnectionEnabled: true, pixelRatio: 3, platform: LINUX, platformName: LINUX, platformVersion: 8.0.0, statBarHeight: 72, takesScreenshot: true, udid: FFY5T18116015518, viewportRect: {height: 1968, left: 0, top: 72, width: 1080}, warnings: {}, webStorageEnabled: false}
Session ID: 75684290-c960-4058-8d4e-dba4adc304c4
*** Element info: {Using=id, value=search_query_top}
at sun.reflect.NativeConstructorAccessorImpl.newInstance0(Native Method)
at sun.reflect.NativeConstructorAccessorImpl.newInstance(NativeConstructorAccessorImpl.java:62)
at sun.reflect.DelegatingConstructorAccessorImpl.newInstance(DelegatingConstructorAccessorImpl.java:45)
at java.lang.reflect.Constructor.newInstance(Constructor.java:423)
at org.openqa.selenium.remote.http.W3CHttpResponseCodec.createException(W3CHttpResponseCodec.java:187)
at org.openqa.selenium.remote.http.W3CHttpResponseCodec.decode(W3CHttpResponseCodec.java:122)
at org.openqa.selenium.remote.http.W3CHttpResponseCodec.decode(W3CHttpResponseCodec.java:49)
at org.openqa.selenium.remote.HttpCommandExecutor.execute(HttpCommandExecutor.java:158)
at io.appium.java_client.remote.AppiumCommandExecutor.execute(AppiumCommandExecutor.java:239)
at org.openqa.selenium.remote.RemoteWebDriver.execute(RemoteWebDriver.java:552)
at io.appium.java_client.DefaultGenericMobileDriver.execute(DefaultGenericMobileDriver.java:42)
at io.appium.java_client.AppiumDriver.execute(AppiumDriver.java:1)
at org.openqa.selenium.remote.RemoteWebDriver.findElement(RemoteWebDriver.java:323)
at io.appium.java_client.DefaultGenericMobileDriver.findElement(DefaultGenericMobileDriver.java:62)
at io.appium.java_client.AppiumDriver.findElement(AppiumDriver.java:1)
at org.openqa.selenium.remote.RemoteWebDriver.findElementById(RemoteWebDriver.java:372)
at io.appium.java_client.DefaultGenericMobileDriver.findElementById(DefaultGenericMobileDriver.java:70)
at io.appium.java_client.AppiumDriver.findElementById(AppiumDriver.java:1)
at org.openqa.selenium.By$ById.findElement(By.java:188)
at org.openqa.selenium.remote.RemoteWebDriver.findElement(RemoteWebDriver.java:315)
at io.appium.java_client.DefaultGenericMobileDriver.findElement(DefaultGenericMobileDriver.java:58)
at io.appium.java_client.AppiumDriver.findElement(AppiumDriver.java:1)
at Pages.HomePage.SearchByItem(HomePage.java:20)
at Tests.OrderAnItem.PlaceAnOrderTestCase(OrderAnItem.java:75)
at sun.reflect.NativeMethodAccessorImpl.invoke0(Native Method)
at sun.reflect.NativeMethodAccessorImpl.invoke(NativeMethodAccessorImpl.java:62)
at sun.reflect.DelegatingMethodAccessorImpl.invoke(DelegatingMethodAccessorImpl.java:43)
at java.lang.reflect.Method.invoke(Method.java:498)
at org.testng.internal.MethodInvocationHelper.invokeMethod(MethodInvocationHelper.java:124)
at org.testng.internal.Invoker.invokeMethod(Invoker.java:583)
at org.testng.internal.Invoker.invokeTestMethod(Invoker.java:719)
at org.testng.internal.Invoker.invokeTestMethods(Invoker.java:989)
at org.testng.internal.TestMethodWorker.invokeTestMethods(TestMethodWorker.java:125)
at org.testng.internal.TestMethodWorker.run(TestMethodWorker.java:109)
at org.testng.TestRunner.privateRun(TestRunner.java:648)
at org.testng.TestRunner.run(TestRunner.java:505)
at org.testng.SuiteRunner.runTest(SuiteRunner.java:455)
at org.testng.SuiteRunner.runSequentially(SuiteRunner.java:450)
at org.testng.SuiteRunner.privateRun(SuiteRunner.java:415)
at org.testng.SuiteRunner.run(SuiteRunner.java:364)
at org.testng.SuiteRunnerWorker.runSuite(SuiteRunnerWorker.java:52)
at org.testng.SuiteRunnerWorker.run(SuiteRunnerWorker.java:84)
at org.testng.TestNG.runSuitesSequentially(TestNG.java:1208)
at org.testng.TestNG.runSuitesLocally(TestNG.java:1137)
at org.testng.TestNG.runSuites(TestNG.java:1049)
at org.testng.TestNG.run(TestNG.java:1017)
at org.testng.remote.AbstractRemoteTestNG.run(AbstractRemoteTestNG.java:115)
at org.testng.remote.RemoteTestNG.initAndRun(RemoteTestNG.java:251)
at org.testng.remote.RemoteTestNG.main(RemoteTestNG.java:77)
]]>
            </full-stacktrace>
          </exception> <!-- org.openqa.selenium.NoSuchElementException -->
          <reporter-output>
          </reporter-output>
        </test-method> <!-- PlaceAnOrderTestCase -->
        <test-method status="SKIP" signature="CheclSuccessfullMessage()[pri:0, instance:Tests.OrderAnItem@6e75aa0d]" name="CheclSuccessfullMessage" duration-ms="0" started-at="2020-05-21T02:08:38Z" depends-on-methods="Tests.OrderAnItem.PlaceAnOrderTestCase" finished-at="2020-05-21T02:08:38Z">
          <exception class="java.lang.Throwable">
            <message>
              <![CDATA[Method OrderAnItem.CheclSuccessfullMessage()[pri:0, instance:Tests.OrderAnItem@6e75aa0d] depends on not successfully finished methods]]>
            </message>
            <full-stacktrace>
              <![CDATA[java.lang.Throwable: Method OrderAnItem.CheclSuccessfullMessage()[pri:0, instance:Tests.OrderAnItem@6e75aa0d] depends on not successfully finished methods
at org.testng.internal.Invoker.invokeTestMethods(Invoker.java:888)
at org.testng.internal.TestMethodWorker.invokeTestMethods(TestMethodWorker.java:125)
at org.testng.internal.TestMethodWorker.run(TestMethodWorker.java:109)
at org.testng.TestRunner.privateRun(TestRunner.java:648)
at org.testng.TestRunner.run(TestRunner.java:505)
at org.testng.SuiteRunner.runTest(SuiteRunner.java:455)
at org.testng.SuiteRunner.runSequentially(SuiteRunner.java:450)
at org.testng.SuiteRunner.privateRun(SuiteRunner.java:415)
at org.testng.SuiteRunner.run(SuiteRunner.java:364)
at org.testng.SuiteRunnerWorker.runSuite(SuiteRunnerWorker.java:52)
at org.testng.SuiteRunnerWorker.run(SuiteRunnerWorker.java:84)
at org.testng.TestNG.runSuitesSequentially(TestNG.java:1208)
at org.testng.TestNG.runSuitesLocally(TestNG.java:1137)
at org.testng.TestNG.runSuites(TestNG.java:1049)
at org.testng.TestNG.run(TestNG.java:1017)
at org.testng.remote.AbstractRemoteTestNG.run(AbstractRemoteTestNG.java:115)
at org.testng.remote.RemoteTestNG.initAndRun(RemoteTestNG.java:251)
at org.testng.remote.RemoteTestNG.main(RemoteTestNG.java:77)
]]>
            </full-stacktrace>
          </exception> <!-- java.lang.Throwable -->
          <reporter-output>
          </reporter-output>
        </test-method> <!-- CheclSuccessfullMessage -->
        <test-method status="PASS" signature="closeDriver()[pri:0, instance:Tests.OrderAnItem@6e75aa0d]" name="closeDriver" is-config="true" duration-ms="396" started-at="2020-05-21T02:08:38Z" finished-at="2020-05-21T02:08:39Z">
          <reporter-output>
          </reporter-output>
        </test-method> <!-- closeDriver -->
      </class> <!-- Tests.OrderAnItem -->
    </test> <!-- Default test -->
  </suite> <!-- Default suite -->
</testng-results>
